<?xml version="1.0" encoding="UTF-8"?>
<!-- Generated by org.testng.reporters.JUnitReportReporter -->
<testsuite hostname="Bharath" failures="0" tests="1" name="com.test.TC_01" time="18.212" errors="0" timestamp="2019-12-11T12:51:41 IST" skipped="0">
  <testcase classname="com.test.TC_01" name="test" time="18.212"/>
</testsuite> <!-- com.test.TC_01 -->
